nohup: ignoring input

  .   ____          _            __ _ _
 /\\ / ___'_ __ _ _(_)_ __  __ _ \ \ \ \
( ( )\___ | '_ | '_| | '_ \/ _` | \ \ \ \
 \\/  ___)| |_)| | | | | || (_| |  ) ) ) )
  '  |____| .__|_| |_|_| |_\__, | / / / /
 =========|_|==============|___/=/_/_/_/

 :: Spring Boot ::                (v3.4.1)

2025-02-12T10:27:28.242+09:00  INFO 3263 --- [SmOne] [           main] com.smhrd.smone.SmOneApplication         : Starting SmOneApplication v0.0.1-SNAPSHOT using Java 17.0.13 with PID 3263 (/home/uran/SmOne/backend/target/smone-0.0.1-SNAPSHOT.jar started by uran in /home/uran/SmOne/backend)
2025-02-12T10:27:28.246+09:00  INFO 3263 --- [SmOne] [           main] com.smhrd.smone.SmOneApplication         : The following 1 profile is active: "prod"
2025-02-12T10:27:29.796+09:00  INFO 3263 --- [SmOne] [           main] .s.d.r.c.RepositoryConfigurationDelegate : Bootstrapping Spring Data JPA repositories in DEFAULT mode.
2025-02-12T10:27:30.001+09:00  INFO 3263 --- [SmOne] [           main] .s.d.r.c.RepositoryConfigurationDelegate : Finished Spring Data repository scanning in 193 ms. Found 6 JPA repository interfaces.
2025-02-12T10:27:30.143+09:00  WARN 3263 --- [SmOne] [           main] o.m.s.mapper.ClassPathMapperScanner      : No MyBatis mapper was found in '[com.smhrd.smone]' package. Please check your configuration.
2025-02-12T10:27:30.402+09:00  WARN 3263 --- [SmOne] [           main] trationDelegate$BeanPostProcessorChecker : Bean 'org.springframework.ws.config.annotation.DelegatingWsConfiguration' of type [org.springframework.ws.config.annotation.DelegatingWsConfiguration$$SpringCGLIB$$0] is not eligible for getting processed by all BeanPostProcessors (for example: not eligible for auto-proxying). The currently created BeanPostProcessor [annotationActionEndpointMapping] is declared through a non-static factory method on that class; consider declaring it as static instead.
2025-02-12T10:27:30.516+09:00  INFO 3263 --- [SmOne] [           main] .w.s.a.s.AnnotationActionEndpointMapping : Supporting [WS-Addressing August 2004, WS-Addressing 1.0]
2025-02-12T10:27:31.143+09:00  INFO 3263 --- [SmOne] [           main] o.s.b.w.embedded.tomcat.TomcatWebServer  : Tomcat initialized with port 8090 (http)
2025-02-12T10:27:31.164+09:00  INFO 3263 --- [SmOne] [           main] o.apache.catalina.core.StandardService   : Starting service [Tomcat]
2025-02-12T10:27:31.165+09:00  INFO 3263 --- [SmOne] [           main] o.apache.catalina.core.StandardEngine    : Starting Servlet engine: [Apache Tomcat/10.1.34]
2025-02-12T10:27:31.201+09:00  INFO 3263 --- [SmOne] [           main] o.a.c.c.C.[Tomcat].[localhost].[/SmOne]  : Initializing Spring embedded WebApplicationContext
2025-02-12T10:27:31.202+09:00  INFO 3263 --- [SmOne] [           main] w.s.c.ServletWebServerApplicationContext : Root WebApplicationContext: initialization completed in 2896 ms
2025-02-12T10:27:31.675+09:00  INFO 3263 --- [SmOne] [           main] o.hibernate.jpa.internal.util.LogHelper  : HHH000204: Processing PersistenceUnitInfo [name: default]
2025-02-12T10:27:31.758+09:00  INFO 3263 --- [SmOne] [           main] org.hibernate.Version                    : HHH000412: Hibernate ORM core version 6.6.4.Final
2025-02-12T10:27:31.800+09:00  INFO 3263 --- [SmOne] [           main] o.h.c.internal.RegionFactoryInitiator    : HHH000026: Second-level cache disabled
2025-02-12T10:27:32.138+09:00  INFO 3263 --- [SmOne] [           main] o.s.o.j.p.SpringPersistenceUnitInfo      : No LoadTimeWeaver setup: ignoring JPA class transformer
2025-02-12T10:27:32.180+09:00  INFO 3263 --- [SmOne] [           main] com.zaxxer.hikari.HikariDataSource       : HikariPool-1 - Starting...
2025-02-12T10:27:32.652+09:00  INFO 3263 --- [SmOne] [           main] com.zaxxer.hikari.pool.HikariPool        : HikariPool-1 - Added connection com.mysql.cj.jdbc.ConnectionImpl@cbdc0f4
2025-02-12T10:27:32.655+09:00  INFO 3263 --- [SmOne] [           main] com.zaxxer.hikari.HikariDataSource       : HikariPool-1 - Start completed.
2025-02-12T10:27:32.782+09:00  INFO 3263 --- [SmOne] [           main] org.hibernate.orm.connections.pooling    : HHH10001005: Database info:
	Database JDBC URL [Connecting through datasource 'HikariDataSource (HikariPool-1)']
	Database driver: undefined/unknown
	Database version: 8.0.27
	Autocommit mode: undefined/unknown
	Isolation level: undefined/unknown
	Minimum pool size: undefined/unknown
	Maximum pool size: undefined/unknown
2025-02-12T10:27:33.801+09:00  INFO 3263 --- [SmOne] [           main] o.h.e.t.j.p.i.JtaPlatformInitiator       : HHH000489: No JTA platform available (set 'hibernate.transaction.jta.platform' to enable JTA platform integration)
2025-02-12T10:27:33.805+09:00  INFO 3263 --- [SmOne] [           main] j.LocalContainerEntityManagerFactoryBean : Initialized JPA EntityManagerFactory for persistence unit 'default'
2025-02-12T10:27:34.145+09:00  INFO 3263 --- [SmOne] [           main] o.s.d.j.r.query.QueryEnhancerFactory     : Hibernate is in classpath; If applicable, HQL parser will be used.
2025-02-12T10:27:35.830+09:00  WARN 3263 --- [SmOne] [           main] JpaBaseConfiguration$JpaWebConfiguration : spring.jpa.open-in-view is enabled by default. Therefore, database queries may be performed during view rendering. Explicitly configure spring.jpa.open-in-view to disable this warning
2025-02-12T10:27:35.899+09:00  WARN 3263 --- [SmOne] [           main] .s.s.UserDetailsServiceAutoConfiguration : 

Using generated security password: e8827868-274b-4c4e-b826-19a1609775aa

This generated password is for development use only. Your security configuration must be updated before running your application in production.

2025-02-12T10:27:35.934+09:00  INFO 3263 --- [SmOne] [           main] r$InitializeUserDetailsManagerConfigurer : Global AuthenticationManager configured with UserDetailsService bean with name inMemoryUserDetailsManager
2025-02-12T10:27:36.466+09:00  INFO 3263 --- [SmOne] [           main] o.s.b.a.e.web.EndpointLinksResolver      : Exposing 14 endpoints beneath base path '/actuator'
2025-02-12T10:27:37.358+09:00  INFO 3263 --- [SmOne] [           main] o.s.b.w.embedded.tomcat.TomcatWebServer  : Tomcat started on port 8090 (http) with context path '/SmOne'
2025-02-12T10:27:37.382+09:00  INFO 3263 --- [SmOne] [           main] com.smhrd.smone.SmOneApplication         : Started SmOneApplication in 9.797 seconds (process running for 11.0)
